[debug] [2024-07-18T10:50:36.559Z] ----------------------------------------------------------------------
[debug] [2024-07-18T10:50:36.561Z] Command:       /Users/indranilchakraborty/.nvm/versions/node/v20.13.1/bin/node /Users/indranilchakraborty/.nvm/versions/node/v12.22.12/bin/firebase deploy
[debug] [2024-07-18T10:50:36.562Z] CLI Version:   13.11.2
[debug] [2024-07-18T10:50:36.562Z] Platform:      darwin
[debug] [2024-07-18T10:50:36.562Z] Node Version:  v20.13.1
[debug] [2024-07-18T10:50:36.562Z] Time:          Thu Jul 18 2024 16:20:36 GMT+0530 (India Standard Time)
[debug] [2024-07-18T10:50:36.562Z] ----------------------------------------------------------------------
[debug] 
[debug] [2024-07-18T10:50:36.629Z] > command requires scopes: ["email","openid","https://www.googleapis.com/auth/cloudplatformprojects.readonly","https://www.googleapis.com/auth/firebase","https://www.googleapis.com/auth/cloud-platform"]
[debug] [2024-07-18T10:50:36.630Z] > authorizing via signed-in user (rivayatt2021@gmail.com)
[debug] [2024-07-18T10:50:36.630Z] [iam] checking project rivayatt-3c9d5 for permissions ["firebase.projects.get","firebasehosting.sites.update"]
[debug] [2024-07-18T10:50:36.631Z] >>> [apiv2][query] POST https://cloudresourcemanager.googleapis.com/v1/projects/rivayatt-3c9d5:testIamPermissions [none]
[debug] [2024-07-18T10:50:36.631Z] >>> [apiv2][(partial)header] POST https://cloudresourcemanager.googleapis.com/v1/projects/rivayatt-3c9d5:testIamPermissions x-goog-quota-user=projects/rivayatt-3c9d5
[debug] [2024-07-18T10:50:36.632Z] >>> [apiv2][body] POST https://cloudresourcemanager.googleapis.com/v1/projects/rivayatt-3c9d5:testIamPermissions {"permissions":["firebase.projects.get","firebasehosting.sites.update"]}
[debug] [2024-07-18T10:50:39.516Z] <<< [apiv2][status] POST https://cloudresourcemanager.googleapis.com/v1/projects/rivayatt-3c9d5:testIamPermissions 200
[debug] [2024-07-18T10:50:39.517Z] <<< [apiv2][body] POST https://cloudresourcemanager.googleapis.com/v1/projects/rivayatt-3c9d5:testIamPermissions {"permissions":["firebase.projects.get","firebasehosting.sites.update"]}
[debug] [2024-07-18T10:50:39.518Z] >>> [apiv2][query] GET https://firebase.googleapis.com/v1beta1/projects/rivayatt-3c9d5 [none]
[debug] [2024-07-18T10:50:40.272Z] <<< [apiv2][status] GET https://firebase.googleapis.com/v1beta1/projects/rivayatt-3c9d5 200
[debug] [2024-07-18T10:50:40.272Z] <<< [apiv2][body] GET https://firebase.googleapis.com/v1beta1/projects/rivayatt-3c9d5 {"projectId":"rivayatt-3c9d5","projectNumber":"388198132757","displayName":"JODISURE ","name":"projects/rivayatt-3c9d5","resources":{"hostingSite":"rivayatt-3c9d5","realtimeDatabaseInstance":"rivayatt-3c9d5-default-rtdb","storageBucket":"rivayatt-3c9d5.appspot.com","locationId":"us-central"},"state":"ACTIVE","etag":"1_58828181-1652-4b42-98f7-242be4ba3f47"}
[info] 
[info] === Deploying to 'rivayatt-3c9d5'...
[info] 
[info] i  deploying hosting 
[debug] [2024-07-18T10:50:40.277Z] >>> [apiv2][query] POST https://firebasehosting.googleapis.com/v1beta1/projects/-/sites/rivayatt-3c9d5/versions [none]
[debug] [2024-07-18T10:50:40.277Z] >>> [apiv2][body] POST https://firebasehosting.googleapis.com/v1beta1/projects/-/sites/rivayatt-3c9d5/versions {"status":"CREATED","labels":{"deployment-tool":"cli-firebase"}}
[debug] [2024-07-18T10:50:42.897Z] <<< [apiv2][status] POST https://firebasehosting.googleapis.com/v1beta1/projects/-/sites/rivayatt-3c9d5/versions 200
[debug] [2024-07-18T10:50:42.897Z] <<< [apiv2][body] POST https://firebasehosting.googleapis.com/v1beta1/projects/-/sites/rivayatt-3c9d5/versions {"name":"projects/388198132757/sites/rivayatt-3c9d5/versions/1a12283a8f35728e","status":"CREATED","config":{},"labels":{"deployment-tool":"cli-firebase"}}
[info] i  hosting[rivayatt-3c9d5]: beginning deploy... 
[info] i  hosting[rivayatt-3c9d5]: found 36 files in build 
[debug] [2024-07-18T10:50:42.910Z] [hosting] uploading with 200 concurrency
[debug] [2024-07-18T10:50:43.301Z] [hosting] hash cache [YnVpbGQ] stored for 36 files
[debug] [2024-07-18T10:50:43.301Z] [hosting][hash queue][FINAL] {"max":384,"min":13,"avg":83.94444444444444,"active":0,"complete":36,"success":36,"errored":0,"retried":0,"total":36,"elapsed":388}
[debug] [2024-07-18T10:50:43.301Z] >>> [apiv2][query] POST https://firebasehosting.googleapis.com/v1beta1/projects/388198132757/sites/rivayatt-3c9d5/versions/1a12283a8f35728e:populateFiles [none]
[debug] [2024-07-18T10:50:43.301Z] >>> [apiv2][body] POST https://firebasehosting.googleapis.com/v1beta1/projects/388198132757/sites/rivayatt-3c9d5/versions/1a12283a8f35728e:populateFiles {"files":{"/asset-manifest.json":"fe7740d61ab4033ae5e34d8eab032f9e7f042d3c12eacbabfe9d3ea543fba40f","/google-play-badge.png":"d9eaaf89d5c443e4f722fdd3f021d76027b2b04c8a1bbec10f84ca47c797c5c3","/logo192.png":"f66564670b5bfe49f3f04a5b63107bae60f4a7736f1d3b83aa0115f7acf45150","/google-play.webp":"48a88759d909e4d4bb9ce276bf6d37d0ad0f6e5c128ea6d7b74f96df67f5f020","/google-play.png":"15356483d74059aa43f9e04b59c51536acc081c6a9d6f2c43b2f560956eaa3ec","/index.html":"515f59848605f98e5f50c0cdb3226acba7f4174f6fc8a554397f4e745d06b2e6","/logo512.png":"2356e0b814e58a349935c8de17226873d615d088a867d591fef48a64c80c9a2f","/manifest.json":"4e1d3adad9ce7e17c0d13fac197f1c27091906f4ecf3909c9f51247bff345118","/manual-screen.png":"4b67fb876b4742dc6180cbf98c4a7758ed0146ce6ab8a4a16413d69415f3a514","/mutual-connection.png":"16b07f75853f7a7c97696d4892bf01510e7c1e10dfe2cddb289fd1cb116145e7","/robots.txt":"391d14b3c2f8c9143a27a28c7399585142228d4d1bdbe2c87ac946de411fa9a2","/security.svg":"5c0d9f9584d8391b289f0c50bdfdaeb11f210db69a450d4625bb676b0e25bae3","/favicon.ico":"03d7c3ab153df264383e6770d3ad51ac2614ead59e6d9d5a1e693f4835789342","/wave.svg":"9a2ea961f45215cbe683136a03e11e2d257c3d8cd82e2718a04fca2510a4e20c","/pay-money.png":"710dfea25af5b439ad1e5a6cae15a53100db58c39132e20e37bfa353766b96f1","/static/css/main.0291f657.css":"40db6eaf9ab667fe4ff2f2d0e2a3fae5cbcdc652ffe0b91e1d835d112b31dff7","/static/js/main.dcca0249.js.LICENSE.txt":"f22eaea7315e12b3c115d7f666b251c2b0526d8ce8920ad0929929b6b1034e18","/static/css/main.0291f657.css.map":"ea31198045cad0ec1baa0857d886390b63aeb2b2d5a5ec00a6711145e9896bec","/static/media/Fontspring-DEMO-theseasons-bd.bfac8d3a3f5d0e5eae5b.otf":"a5832cf39c6db9fe6f1d677b48d75d3eeea0ab0a7849e437c015a97f399eb78d","/static/media/logo.6ce24c58023cc2f8fd88fe9d219db6c6.svg":"506619fd46fd6b50bf2d0dae0b42d5bf6a0507807cc84f0e077b5d55f3d1050d","/static/media/Fontspring-DEMO-theseasons-reg.2c9625941d4c89994b85.otf":"141251c548dc9e67e0f2bfc930db23f3e556fc4bf6ff6533fd0f9a05c6a341de","/app-store.png":"52cbfe6eaab5210a20289c6c7ca81f7c78afa982816ef295cb1081d6bfba9dd2","/google-logo.webp":"a5cf5e2edcfc2aa4ec518ce2545d87254ebbbe47352acc47a16f4947623d50bb","/WUh7l6ivzf.json":"21bb141969cfaee6bc5e9bf9742824883526d1c48781fddeefc4738effc71321","/bg.png":"0f0a91153b3e16565debe588d92090f3987c06a10eaa256c1875bc0dd5b407d1","/static/media/bg.19005db66e9b03cc7eb5.png":"0f0a91153b3e16565debe588d92090f3987c06a10eaa256c1875bc0dd5b407d1","/static/js/main.dcca0249.js":"34a11620f3959cc2b963597111d3ab344c3c5c7fe68d9a59a99d5351d21002fd","/logo.png":"36f44e2b9210eda745550921453907cf5be5743b3c377777d5336b4e0c9d84e1","/1.mp4":"e7316b2a08effa8651ef8d73c4e353f3264eff2644e093703d5306ebc7051795","/3.mp4":"248d08c8393c3c1f2af709b589c829c864e27066c2e59d093f10c74f61398af2","/2.mp4":"0a5f8a0a45b0a742810494a5bbc97cb0790ad2b589d1d20c82360ad8f32cf6b1","/hero.png":"fa8f0ce27abeda0e4998f5e2faa7635c131d5b6d6d41d24a9bec0450d7a7767e","/static/media/hero.6adf2a7c4142009b133f.png":"fa8f0ce27abeda0e4998f5e2faa7635c131d5b6d6d41d24a9bec0450d7a7767e","/4.mp4":"ee0d015831c2a074cec222a5ad598c0aa40b6949260c36634d5cd992270ff0ce","/static/js/main.dcca0249.js.map":"29921a7c532acff62dcd5ee8be09171620c3644e9658c9eb93a1681db035f0ab","/5.mp4":"01559ba32debd401471b34380f186bfc5bdede6069316c69440851abd35f42fc"}}
[debug] [2024-07-18T10:50:43.828Z] <<< [apiv2][status] POST https://firebasehosting.googleapis.com/v1beta1/projects/388198132757/sites/rivayatt-3c9d5/versions/1a12283a8f35728e:populateFiles 200
[debug] [2024-07-18T10:50:43.828Z] <<< [apiv2][body] POST https://firebasehosting.googleapis.com/v1beta1/projects/388198132757/sites/rivayatt-3c9d5/versions/1a12283a8f35728e:populateFiles {"uploadRequiredHashes":["fe7740d61ab4033ae5e34d8eab032f9e7f042d3c12eacbabfe9d3ea543fba40f","29921a7c532acff62dcd5ee8be09171620c3644e9658c9eb93a1681db035f0ab","515f59848605f98e5f50c0cdb3226acba7f4174f6fc8a554397f4e745d06b2e6","34a11620f3959cc2b963597111d3ab344c3c5c7fe68d9a59a99d5351d21002fd"],"uploadUrl":"https://upload-firebasehosting.googleapis.com/upload/sites/rivayatt-3c9d5/versions/1a12283a8f35728e/files"}
[debug] [2024-07-18T10:50:43.830Z] >>> [apiv2][query] POST https://upload-firebasehosting.googleapis.com/upload/sites/rivayatt-3c9d5/versions/1a12283a8f35728e/files/fe7740d61ab4033ae5e34d8eab032f9e7f042d3c12eacbabfe9d3ea543fba40f [none]
[debug] [2024-07-18T10:50:43.830Z] >>> [apiv2][body] POST https://upload-firebasehosting.googleapis.com/upload/sites/rivayatt-3c9d5/versions/1a12283a8f35728e/files/fe7740d61ab4033ae5e34d8eab032f9e7f042d3c12eacbabfe9d3ea543fba40f [stream]
[debug] [2024-07-18T10:50:43.832Z] >>> [apiv2][query] POST https://upload-firebasehosting.googleapis.com/upload/sites/rivayatt-3c9d5/versions/1a12283a8f35728e/files/29921a7c532acff62dcd5ee8be09171620c3644e9658c9eb93a1681db035f0ab [none]
[debug] [2024-07-18T10:50:43.832Z] >>> [apiv2][body] POST https://upload-firebasehosting.googleapis.com/upload/sites/rivayatt-3c9d5/versions/1a12283a8f35728e/files/29921a7c532acff62dcd5ee8be09171620c3644e9658c9eb93a1681db035f0ab [stream]
[debug] [2024-07-18T10:50:43.833Z] >>> [apiv2][query] POST https://upload-firebasehosting.googleapis.com/upload/sites/rivayatt-3c9d5/versions/1a12283a8f35728e/files/515f59848605f98e5f50c0cdb3226acba7f4174f6fc8a554397f4e745d06b2e6 [none]
[debug] [2024-07-18T10:50:43.833Z] >>> [apiv2][body] POST https://upload-firebasehosting.googleapis.com/upload/sites/rivayatt-3c9d5/versions/1a12283a8f35728e/files/515f59848605f98e5f50c0cdb3226acba7f4174f6fc8a554397f4e745d06b2e6 [stream]
[debug] [2024-07-18T10:50:43.834Z] >>> [apiv2][query] POST https://upload-firebasehosting.googleapis.com/upload/sites/rivayatt-3c9d5/versions/1a12283a8f35728e/files/34a11620f3959cc2b963597111d3ab344c3c5c7fe68d9a59a99d5351d21002fd [none]
[debug] [2024-07-18T10:50:43.834Z] >>> [apiv2][body] POST https://upload-firebasehosting.googleapis.com/upload/sites/rivayatt-3c9d5/versions/1a12283a8f35728e/files/34a11620f3959cc2b963597111d3ab344c3c5c7fe68d9a59a99d5351d21002fd [stream]
[debug] [2024-07-18T10:50:43.835Z] [hosting][populate queue][FINAL] {"max":530,"min":530,"avg":530,"active":0,"complete":1,"success":1,"errored":0,"retried":0,"total":1,"elapsed":535}
[debug] [2024-07-18T10:50:43.835Z] [hosting] uploads queued: 4
[debug] [2024-07-18T10:50:49.040Z] <<< [apiv2][status] POST https://upload-firebasehosting.googleapis.com/upload/sites/rivayatt-3c9d5/versions/1a12283a8f35728e/files/fe7740d61ab4033ae5e34d8eab032f9e7f042d3c12eacbabfe9d3ea543fba40f 200
[debug] [2024-07-18T10:50:49.040Z] <<< [apiv2][body] POST https://upload-firebasehosting.googleapis.com/upload/sites/rivayatt-3c9d5/versions/1a12283a8f35728e/files/fe7740d61ab4033ae5e34d8eab032f9e7f042d3c12eacbabfe9d3ea543fba40f [stream]
[debug] [2024-07-18T10:50:49.925Z] <<< [apiv2][status] POST https://upload-firebasehosting.googleapis.com/upload/sites/rivayatt-3c9d5/versions/1a12283a8f35728e/files/515f59848605f98e5f50c0cdb3226acba7f4174f6fc8a554397f4e745d06b2e6 200
[debug] [2024-07-18T10:50:49.925Z] <<< [apiv2][body] POST https://upload-firebasehosting.googleapis.com/upload/sites/rivayatt-3c9d5/versions/1a12283a8f35728e/files/515f59848605f98e5f50c0cdb3226acba7f4174f6fc8a554397f4e745d06b2e6 [stream]
